Determining if the pthread_create exist failed with the following output:
Change Dir: /home/luis/catkin_workspace/build/CMakeFiles/CMakeTmp

Run Build Command:"/usr/bin/make" "cmTC_5f6d7/fast"
/usr/bin/make -f CMakeFiles/cmTC_5f6d7.dir/build.make CMakeFiles/cmTC_5f6d7.dir/build
make[1]: Entering directory '/home/luis/catkin_workspace/build/CMakeFiles/CMakeTmp'
Building C object CMakeFiles/cmTC_5f6d7.dir/CheckSymbolExists.c.o
/usr/bin/cc    -o CMakeFiles/cmTC_5f6d7.dir/CheckSymbolExists.c.o   -c /home/luis/catkin_workspace/build/CMakeFiles/CMakeTmp/CheckSymbolExists.c
Linking C executable cmTC_5f6d7
/usr/bin/cmake -E cmake_link_script CMakeFiles/cmTC_5f6d7.dir/link.txt --verbose=1
/usr/bin/cc      -rdynamic CMakeFiles/cmTC_5f6d7.dir/CheckSymbolExists.c.o  -o cmTC_5f6d7 
CMakeFiles/cmTC_5f6d7.dir/CheckSymbolExists.c.o: In function `main':
CheckSymbolExists.c:(.text+0x1b): undefined reference to `pthread_create'
collect2: error: ld returned 1 exit status
CMakeFiles/cmTC_5f6d7.dir/build.make:97: recipe for target 'cmTC_5f6d7' failed
make[1]: *** [cmTC_5f6d7] Error 1
make[1]: Leaving directory '/home/luis/catkin_workspace/build/CMakeFiles/CMakeTmp'
Makefile:126: recipe for target 'cmTC_5f6d7/fast' failed
make: *** [cmTC_5f6d7/fast] Error 2

File /home/luis/catkin_workspace/build/CMakeFiles/CMakeTmp/CheckSymbolExists.c:
/* */
#include <pthread.h>

int main(int argc, char** argv)
{
  (void)argv;
#ifndef pthread_create
  return ((int*)(&pthread_create))[argc];
#else
  (void)argc;
  return 0;
#endif
}

Determining if the function pthread_create exists in the pthreads failed with the following output:
Change Dir: /home/luis/catkin_workspace/build/CMakeFiles/CMakeTmp

Run Build Command:"/usr/bin/make" "cmTC_ccbbc/fast"
/usr/bin/make -f CMakeFiles/cmTC_ccbbc.dir/build.make CMakeFiles/cmTC_ccbbc.dir/build
make[1]: Entering directory '/home/luis/catkin_workspace/build/CMakeFiles/CMakeTmp'
Building C object CMakeFiles/cmTC_ccbbc.dir/CheckFunctionExists.c.o
/usr/bin/cc   -DCHECK_FUNCTION_EXISTS=pthread_create   -o CMakeFiles/cmTC_ccbbc.dir/CheckFunctionExists.c.o   -c /usr/share/cmake-3.10/Modules/CheckFunctionExists.c
Linking C executable cmTC_ccbbc
/usr/bin/cmake -E cmake_link_script CMakeFiles/cmTC_ccbbc.dir/link.txt --verbose=1
/usr/bin/cc  -DCHECK_FUNCTION_EXISTS=pthread_create    -rdynamic CMakeFiles/cmTC_ccbbc.dir/CheckFunctionExists.c.o  -o cmTC_ccbbc -lpthreads 
/usr/bin/ld: cannot find -lpthreads
collect2: error: ld returned 1 exit status
CMakeFiles/cmTC_ccbbc.dir/build.make:97: recipe for target 'cmTC_ccbbc' failed
make[1]: *** [cmTC_ccbbc] Error 1
make[1]: Leaving directory '/home/luis/catkin_workspace/build/CMakeFiles/CMakeTmp'
Makefile:126: recipe for target 'cmTC_ccbbc/fast' failed
make: *** [cmTC_ccbbc/fast] Error 2


